<?xml version="1.0" encoding="UTF-8"?>
<testng-results ignored="0" total="1" passed="1" failed="0" skipped="0">
  <reporter-output>
  </reporter-output>
  <suite started-at="2022-12-27T14:10:16 IST" name="Default suite" finished-at="2022-12-27T14:10:23 IST" duration-ms="7167">
    <groups>
    </groups>
    <test started-at="2022-12-27T14:10:16 IST" name="Default test" finished-at="2022-12-27T14:10:23 IST" duration-ms="7167">
      <class name="test2">
        <test-method signature="add()[pri:0, instance:test2@6ac13091]" started-at="2022-12-27T14:10:16 IST" name="add" finished-at="2022-12-27T14:10:23 IST" duration-ms="7136" status="PASS">
          <reporter-output>
          </reporter-output>
        </test-method> <!-- add -->
      </class> <!-- test2 -->
    </test> <!-- Default test -->
  </suite> <!-- Default suite -->
</testng-results>
